2019-06-03 13:42:23,545 INFO com.atos.feedback.FeedbackApplication [main] Starting FeedbackApplication on MC0WKWHC with PID 12780 (C:\RK\ratingapp\soource\backend\source\feedback\target\classes started by a575613 in C:\RK\ratingapp\soource\backend\source\feedback)
2019-06-03 13:42:23,650 DEBUG com.atos.feedback.FeedbackApplication [main] Running with Spring Boot v2.1.3.RELEASE, Spring v5.1.5.RELEASE
2019-06-03 13:42:23,677 INFO com.atos.feedback.FeedbackApplication [main] No active profile set, falling back to default profiles: default
2019-06-03 13:45:03,287 INFO com.atos.feedback.FeedbackApplication [main] Started FeedbackApplication in 168.039 seconds (JVM running for 181.452)
2019-06-03 13:50:00,493 INFO com.atos.feedback.controller.LoginController [http-nio-8080-exec-4] user authenticate service
2019-06-03 13:50:00,493 INFO com.atos.feedback.controller.LoginController [http-nio-8080-exec-3] user authenticate service
2019-06-03 13:50:44,540 INFO com.atos.feedback.controller.LoginController [http-nio-8080-exec-6] user authenticate service
2019-06-03 13:52:40,152 INFO com.atos.feedback.FeedbackApplication [main] Starting FeedbackApplication on MC0WKWHC with PID 17996 (C:\RK\ratingapp\soource\backend\source\feedback\target\classes started by a575613 in C:\RK\ratingapp\soource\backend\source\feedback)
2019-06-03 13:52:40,154 DEBUG com.atos.feedback.FeedbackApplication [main] Running with Spring Boot v2.1.3.RELEASE, Spring v5.1.5.RELEASE
2019-06-03 13:52:40,155 INFO com.atos.feedback.FeedbackApplication [main] No active profile set, falling back to default profiles: default
2019-06-03 13:52:49,923 INFO com.atos.feedback.FeedbackApplication [main] Started FeedbackApplication in 10.28 seconds (JVM running for 11.907)
2019-06-03 13:53:20,806 INFO com.atos.feedback.controller.LoginController [http-nio-8080-exec-2] user authenticate service
2019-06-03 13:55:17,200 INFO com.atos.feedback.FeedbackApplication [main] Starting FeedbackApplication on MC0WKWHC with PID 14200 (C:\RK\ratingapp\soource\backend\source\feedback\target\classes started by a575613 in C:\RK\ratingapp\soource\backend\source\feedback)
2019-06-03 13:55:17,203 DEBUG com.atos.feedback.FeedbackApplication [main] Running with Spring Boot v2.1.3.RELEASE, Spring v5.1.5.RELEASE
2019-06-03 13:55:17,204 INFO com.atos.feedback.FeedbackApplication [main] No active profile set, falling back to default profiles: default
2019-06-03 13:55:26,304 INFO com.atos.feedback.FeedbackApplication [main] Started FeedbackApplication in 9.456 seconds (JVM running for 11.132)
2019-06-03 13:55:32,932 INFO com.atos.feedback.controller.LoginController [http-nio-8080-exec-1] user authenticate service
2019-06-03 13:56:50,031 INFO com.atos.feedback.FeedbackApplication [main] Starting FeedbackApplication on MC0WKWHC with PID 13772 (C:\RK\ratingapp\soource\backend\source\feedback\target\classes started by a575613 in C:\RK\ratingapp\soource\backend\source\feedback)
2019-06-03 13:56:50,035 DEBUG com.atos.feedback.FeedbackApplication [main] Running with Spring Boot v2.1.3.RELEASE, Spring v5.1.5.RELEASE
2019-06-03 13:56:50,035 INFO com.atos.feedback.FeedbackApplication [main] No active profile set, falling back to default profiles: default
2019-06-03 13:56:59,249 INFO com.atos.feedback.FeedbackApplication [main] Started FeedbackApplication in 9.585 seconds (JVM running for 11.332)
2019-06-03 13:57:00,202 INFO com.atos.feedback.controller.LoginController [http-nio-8080-exec-2] user authenticate service
2019-06-03 13:57:29,526 INFO com.atos.feedback.controller.LoginController [http-nio-8080-exec-4] user authenticate service
2019-06-03 13:57:33,230 INFO com.atos.feedback.controller.RatingController [http-nio-8080-exec-10]  findRatings service
2019-06-03 13:57:33,236 INFO com.atos.feedback.controller.DomainController [http-nio-8080-exec-9] getDropdownVal service
2019-06-03 13:57:33,350 INFO com.atos.feedback.controller.ProductController [http-nio-8080-exec-8]  findAll service
2019-06-03 13:58:44,630 INFO com.atos.feedback.controller.LoginController [http-nio-8080-exec-5] user authenticate service
2019-06-03 13:58:46,599 INFO com.atos.feedback.controller.DomainController [http-nio-8080-exec-10] getDropdownVal service
2019-06-03 13:58:46,599 INFO com.atos.feedback.controller.ProductController [http-nio-8080-exec-8]  findAll service
2019-06-03 13:58:46,610 INFO com.atos.feedback.controller.RatingController [http-nio-8080-exec-1]  findRatings service
2019-06-03 13:59:13,916 INFO com.atos.feedback.controller.DomainController [http-nio-8080-exec-2] getDominUser service
2019-06-03 13:59:20,181 INFO com.atos.feedback.controller.ProductController [http-nio-8080-exec-6]  findAll service
2019-06-03 13:59:20,180 INFO com.atos.feedback.controller.DomainController [http-nio-8080-exec-9] getDropdownVal service
2019-06-03 13:59:20,189 INFO com.atos.feedback.controller.RatingController [http-nio-8080-exec-1]  findRatings service
